<?xml version="1.0" encoding="UTF-8"?>
<!-- Generated by org.testng.reporters.JUnitReportReporter -->
<testsuite hostname="LAPTOP-13072GA2" failures="0" tests="1" name="stepDefinitions.CommonBrowserOperations" time="5.574" errors="0" timestamp="2022-10-09T09:30:31 IST" skipped="0">
  <testcase classname="stepDefinitions.CommonBrowserOperations" name="browserLaunch" time="5.574"/>
  <system-out/>
</testsuite> <!-- stepDefinitions.CommonBrowserOperations -->
