<?xml version="1.0" encoding="UTF-8"?>
<!-- Generated by org.testng.reporters.JUnitReportReporter -->
<testsuite hostname="LAPTOP-13072GA2" failures="0" tests="1" name="commonUtils.utils" time="0.010" errors="0" timestamp="2022-09-29T11:45:20 IST" skipped="0">
  <testcase classname="commonUtils.utils" name="loadProperties" time="0.010"/>
  <system-out/>
</testsuite> <!-- commonUtils.utils -->
