<?xml version="1.0" encoding="UTF-8"?>
<!-- Generated by org.testng.reporters.JUnitReportReporter -->
<testsuite hostname="LAPTOP-13072GA2" failures="0" tests="1" name="restAssured.putRequest" time="1.068" errors="0" timestamp="2022-10-04T11:08:03 IST" skipped="0">
  <testcase classname="restAssured.putRequest" name="putAPIRequest" time="1.068"/>
  <system-out/>
</testsuite> <!-- restAssured.putRequest -->
