<?xml version="1.0" encoding="UTF-8"?>
<!-- Generated by org.testng.reporters.JUnitReportReporter -->
<testsuite hostname="LAPTOP-13072GA2" failures="0" tests="1" name="restAssured.deleteRequest" time="1.224" errors="0" timestamp="2022-09-22T11:30:25 IST" skipped="0">
  <testcase classname="restAssured.deleteRequest" name="deleteAPIRequest" time="1.224"/>
  <system-out/>
</testsuite> <!-- restAssured.deleteRequest -->
