<?xml version="1.0" encoding="UTF-8"?>
<!-- Generated by org.testng.reporters.JUnitReportReporter -->
<testsuite hostname="LAPTOP-13072GA2" failures="0" tests="1" name="restAssured.oauthAPI" time="2.920" errors="0" timestamp="2022-09-28T13:15:48 IST" skipped="0">
  <testcase classname="restAssured.oauthAPI" name="oAuth" time="2.920"/>
  <system-out/>
</testsuite> <!-- restAssured.oauthAPI -->
