<?xml version="1.0" encoding="UTF-8"?>
<!-- Generated by org.testng.reporters.JUnitReportReporter -->
<testsuite hostname="LAPTOP-13072GA2" failures="0" tests="1" name="restAssured.amilShipperCRMGetBankList" time="3.764" errors="0" timestamp="2022-10-25T13:59:17 IST" skipped="0">
  <testcase classname="restAssured.amilShipperCRMGetBankList" name="getBearer" time="3.764"/>
  <system-out/>
</testsuite> <!-- restAssured.amilShipperCRMGetBankList -->
