<?xml version="1.0" encoding="UTF-8"?>
<!-- Generated by org.testng.reporters.JUnitReportReporter -->
<testsuite hostname="LAPTOP-13072GA2" failures="0" tests="1" name="restAssured.amilShipperCRMSaveBankInfo" time="3.908" errors="0" timestamp="2022-10-25T17:26:09 IST" skipped="0">
  <testcase classname="restAssured.amilShipperCRMSaveBankInfo" name="getBearer" time="3.908"/>
  <system-out/>
</testsuite> <!-- restAssured.amilShipperCRMSaveBankInfo -->
