<?xml version="1.0" encoding="UTF-8"?>
<!-- Generated by org.testng.reporters.JUnitReportReporter -->
<testsuite hostname="LAPTOP-13072GA2" failures="0" tests="1" name="restAssured.RestAssuredPostRequest" time="2.089" errors="0" timestamp="2022-09-20T17:53:01 IST" skipped="0">
  <testcase classname="restAssured.RestAssuredPostRequest" name="PostRequest" time="2.089"/>
  <system-out/>
</testsuite> <!-- restAssured.RestAssuredPostRequest -->
