<?xml version="1.0" encoding="UTF-8"?>
<!-- Generated by org.testng.reporters.JUnitReportReporter -->
<testsuite hostname="LAPTOP-13072GA2" failures="0" tests="1" name="restAssured.postRequestUsingArray" time="1.662" errors="0" timestamp="2022-09-23T10:03:08 IST" skipped="0">
  <testcase classname="restAssured.postRequestUsingArray" name="postUsingArray" time="1.662"/>
  <system-out/>
</testsuite> <!-- restAssured.postRequestUsingArray -->
