<?xml version="1.0" encoding="UTF-8"?>
<!-- Generated by org.testng.reporters.JUnitReportReporter -->
<testsuite hostname="LAPTOP-13072GA2" failures="0" tests="2" name="restAssured.RestAssuredGetRequest" time="2.647" errors="0" timestamp="2022-10-21T12:13:13 IST" skipped="0">
  <testcase classname="restAssured.RestAssuredGetRequest" name="getRequestExample1" time="0.366"/>
  <system-out/>
  <testcase classname="restAssured.RestAssuredGetRequest" name="getRequestExample" time="2.281"/>
  <system-out/>
</testsuite> <!-- restAssured.RestAssuredGetRequest -->
