<?xml version="1.0" encoding="UTF-8"?>
<!-- Generated by org.testng.reporters.JUnitReportReporter -->
<testsuite hostname="LAPTOP-13072GA2" failures="0" tests="1" name="restAssured.GetEmployees" time="1.288" errors="0" timestamp="2022-09-22T10:30:38 IST" skipped="0">
  <testcase classname="restAssured.GetEmployees" name="getAllEmp" time="1.288"/>
  <system-out/>
</testsuite> <!-- restAssured.GetEmployees -->
