<?xml version="1.0" encoding="UTF-8"?>
<!-- Generated by org.testng.reporters.JUnitReportReporter -->
<testsuite hostname="LAPTOP-13072GA2" failures="0" tests="1" name="restAssured.postEmployeesThroughJsonFile" time="1.223" errors="0" timestamp="2022-09-22T18:42:19 IST" skipped="0">
  <testcase classname="restAssured.postEmployeesThroughJsonFile" name="postThroughJsonFile" time="1.223"/>
  <system-out/>
</testsuite> <!-- restAssured.postEmployeesThroughJsonFile -->
