<?xml version="1.0" encoding="UTF-8"?>
<!-- Generated by org.testng.reporters.JUnitReportReporter -->
<testsuite hostname="LAPTOP-13072GA2" failures="0" tests="1" name="restAssured.patchRequest" time="1.127" errors="0" timestamp="2022-09-22T19:14:39 IST" skipped="0">
  <testcase classname="restAssured.patchRequest" name="patchAPIRequest" time="1.127"/>
  <system-out/>
</testsuite> <!-- restAssured.patchRequest -->
