<?xml version="1.0" encoding="UTF-8"?>
<!-- Generated by org.testng.reporters.JUnitReportReporter -->
<testsuite hostname="LAPTOP-13072GA2" failures="0" tests="1" name="restAssured.postEmployee" time="1.541" errors="0" timestamp="2022-09-26T17:41:42 IST" skipped="0">
  <testcase classname="restAssured.postEmployee" name="name" time="1.541"/>
  <system-out/>
</testsuite> <!-- restAssured.postEmployee -->
